<?xml version="1.0" encoding="UTF-8"?>
<testsuite name="com.webfluxserver.WebFluxServerApplicationTests" tests="1" skipped="0" failures="0" errors="0" timestamp="2023-12-07T14:25:22" hostname="LAPTOP-T3I2DUO1" time="0.021">
  <properties/>
  <testcase name="contextLoads()" classname="com.webfluxserver.WebFluxServerApplicationTests" time="0.021"/>
  <system-out><![CDATA[17:25:15.873 [Test worker] INFO org.springframework.test.context.support.AnnotationConfigContextLoaderUtils -- Could not detect default configuration classes for test class [com.webfluxserver.WebFluxServerApplicationTests]: WebFluxServerApplicationTests does not declare any static, non-private, non-final, nested classes annotated with @Configuration.
17:25:16.148 [Test worker] INFO org.springframework.boot.test.context.SpringBootTestContextBootstrapper -- Found @SpringBootConfiguration com.webfluxserver.WebFluxServerApplication for test class com.webfluxserver.WebFluxServerApplicationTests

  .   ____          _            __ _ _
 /\\ / ___'_ __ _ _(_)_ __  __ _ \ \ \ \
( ( )\___ | '_ | '_| | '_ \/ _` | \ \ \ \
 \\/  ___)| |_)| | | | | || (_| |  ) ) ) )
  '  |____| .__|_| |_|_| |_\__, | / / / /
 =========|_|==============|___/=/_/_/_/
 :: Spring Boot ::                (v3.1.4)

2023-12-07T17:25:17.092+03:00  INFO 15504 --- [    Test worker] c.w.WebFluxServerApplicationTests        : Starting WebFluxServerApplicationTests using Java 17.0.9 with PID 15504 (started by 1645286 in C:\Users\1645286\Desktop\7 сем\java\WebFluxServer_PR7)
2023-12-07T17:25:17.096+03:00  INFO 15504 --- [    Test worker] c.w.WebFluxServerApplicationTests        : No active profile set, falling back to 1 default profile: "default"
2023-12-07T17:25:18.548+03:00  INFO 15504 --- [    Test worker] .s.d.r.c.RepositoryConfigurationDelegate : Bootstrapping Spring Data R2DBC repositories in DEFAULT mode.
2023-12-07T17:25:18.668+03:00  INFO 15504 --- [    Test worker] .s.d.r.c.RepositoryConfigurationDelegate : Finished Spring Data repository scanning in 110 ms. Found 1 R2DBC repository interfaces.
2023-12-07T17:25:20.864+03:00  WARN 15504 --- [actor-tcp-nio-1] i.r.p.client.ReactorNettyClient          : Notice: SEVERITY_LOCALIZED=ЗАМЕЧАНИЕ, SEVERITY_NON_LOCALIZED=NOTICE, CODE=42P07, MESSAGE=отношение "cars" уже существует, пропускается, FILE=parse_utilcmd.c, LINE=210, ROUTINE=transformCreateStmt
2023-12-07T17:25:22.322+03:00  INFO 15504 --- [    Test worker] c.w.WebFluxServerApplicationTests        : Started WebFluxServerApplicationTests in 5.756 seconds (process running for 10.801)
]]></system-out>
  <system-err><![CDATA[]]></system-err>
</testsuite>
