<?xml version="1.0" encoding="UTF-8"?>
<testsuite name="com.webfluxserver.CarControllerTest" tests="5" skipped="0" failures="0" errors="0" timestamp="2023-12-07T14:25:12" hostname="LAPTOP-T3I2DUO1" time="2.626">
  <properties/>
  <testcase name="testUpdateCar()" classname="com.webfluxserver.CarControllerTest" time="2.56"/>
  <testcase name="testGetAllCars()" classname="com.webfluxserver.CarControllerTest" time="0.035"/>
  <testcase name="testDeleteCar()" classname="com.webfluxserver.CarControllerTest" time="0.012"/>
  <testcase name="testGetCarById()" classname="com.webfluxserver.CarControllerTest" time="0.004"/>
  <testcase name="testCreateCar()" classname="com.webfluxserver.CarControllerTest" time="0.003"/>
  <system-out><![CDATA[]]></system-out>
  <system-err><![CDATA[]]></system-err>
</testsuite>
