<?xml version="1.0" encoding="UTF-8"?>
<testsuite name="com.rsocketserver.MainSocketControllerTest" tests="3" skipped="0" failures="0" errors="0" timestamp="2023-12-08T14:33:56" hostname="LAPTOP-T3I2DUO1" time="1.824">
  <properties/>
  <testcase name="testGetTemperature()" classname="com.rsocketserver.MainSocketControllerTest" time="1.756"/>
  <testcase name="testGetAllTemperatures()" classname="com.rsocketserver.MainSocketControllerTest" time="0.044"/>
  <testcase name="testTurnLight()" classname="com.rsocketserver.MainSocketControllerTest" time="0.021"/>
  <system-out><![CDATA[17:33:38.788 [Test worker] INFO org.springframework.test.context.support.AnnotationConfigContextLoaderUtils -- Could not detect default configuration classes for test class [com.rsocketserver.MainSocketControllerTest]: MainSocketControllerTest does not declare any static, non-private, non-final, nested classes annotated with @Configuration.
17:33:39.222 [Test worker] INFO org.springframework.boot.test.context.SpringBootTestContextBootstrapper -- Found @SpringBootConfiguration com.rsocketserver.RSocketServerApplication for test class com.rsocketserver.MainSocketControllerTest

  .   ____          _            __ _ _
 /\\ / ___'_ __ _ _(_)_ __  __ _ \ \ \ \
( ( )\___ | '_ | '_| | '_ \/ _` | \ \ \ \
 \\/  ___)| |_)| | | | | || (_| |  ) ) ) )
  '  |____| .__|_| |_|_| |_\__, | / / / /
 =========|_|==============|___/=/_/_/_/
 :: Spring Boot ::                (v3.1.3)

2023-12-08T17:33:41.682+03:00  INFO 14848 --- [    Test worker] c.r.MainSocketControllerTest             : Starting MainSocketControllerTest using Java 17.0.9 with PID 14848 (started by 1645286 in C:\Users\1645286\Desktop\7 сем\java\PR4_RSocket\RSocketServer)
2023-12-08T17:33:41.686+03:00  INFO 14848 --- [    Test worker] c.r.MainSocketControllerTest             : No active profile set, falling back to 1 default profile: "default"
2023-12-08T17:33:45.001+03:00  INFO 14848 --- [    Test worker] .s.d.r.c.RepositoryConfigurationDelegate : Bootstrapping Spring Data JPA repositories in DEFAULT mode.
2023-12-08T17:33:45.723+03:00  INFO 14848 --- [    Test worker] .s.d.r.c.RepositoryConfigurationDelegate : Finished Spring Data repository scanning in 675 ms. Found 2 JPA repository interfaces.
2023-12-08T17:33:48.248+03:00  INFO 14848 --- [    Test worker] o.s.b.w.embedded.tomcat.TomcatWebServer  : Tomcat initialized with port(s): 0 (http)
2023-12-08T17:33:48.276+03:00  INFO 14848 --- [    Test worker] o.apache.catalina.core.StandardService   : Starting service [Tomcat]
2023-12-08T17:33:48.277+03:00  INFO 14848 --- [    Test worker] o.apache.catalina.core.StandardEngine    : Starting Servlet engine: [Apache Tomcat/10.1.12]
2023-12-08T17:33:48.542+03:00  INFO 14848 --- [    Test worker] o.a.c.c.C.[Tomcat].[localhost].[/]       : Initializing Spring embedded WebApplicationContext
2023-12-08T17:33:48.546+03:00  INFO 14848 --- [    Test worker] w.s.c.ServletWebServerApplicationContext : Root WebApplicationContext: initialization completed in 6773 ms
2023-12-08T17:33:48.632+03:00  INFO 14848 --- [    Test worker] com.zaxxer.hikari.HikariDataSource       : HikariPool-1 - Starting...
2023-12-08T17:33:49.278+03:00  INFO 14848 --- [    Test worker] com.zaxxer.hikari.pool.HikariPool        : HikariPool-1 - Added connection conn0: url=jdbc:h2:mem:testdb user=SA
2023-12-08T17:33:49.282+03:00  INFO 14848 --- [    Test worker] com.zaxxer.hikari.HikariDataSource       : HikariPool-1 - Start completed.
2023-12-08T17:33:49.319+03:00  INFO 14848 --- [    Test worker] o.s.b.a.h2.H2ConsoleAutoConfiguration    : H2 console available at '/h2-console'. Database available at 'jdbc:h2:mem:testdb'
2023-12-08T17:33:49.713+03:00  INFO 14848 --- [    Test worker] o.hibernate.jpa.internal.util.LogHelper  : HHH000204: Processing PersistenceUnitInfo [name: default]
2023-12-08T17:33:49.865+03:00  INFO 14848 --- [    Test worker] org.hibernate.Version                    : HHH000412: Hibernate ORM core version 6.2.7.Final
2023-12-08T17:33:49.872+03:00  INFO 14848 --- [    Test worker] org.hibernate.cfg.Environment            : HHH000406: Using bytecode reflection optimizer
2023-12-08T17:33:50.390+03:00  INFO 14848 --- [    Test worker] o.h.b.i.BytecodeProviderInitiator        : HHH000021: Bytecode provider name : bytebuddy
2023-12-08T17:33:50.820+03:00  INFO 14848 --- [    Test worker] o.s.o.j.p.SpringPersistenceUnitInfo      : No LoadTimeWeaver setup: ignoring JPA class transformer
2023-12-08T17:33:51.292+03:00  INFO 14848 --- [    Test worker] o.h.b.i.BytecodeProviderInitiator        : HHH000021: Bytecode provider name : bytebuddy
2023-12-08T17:33:52.382+03:00  INFO 14848 --- [    Test worker] o.h.e.t.j.p.i.JtaPlatformInitiator       : HHH000490: Using JtaPlatform implementation: [org.hibernate.engine.transaction.jta.platform.internal.NoJtaPlatform]
Hibernate: create table public.light (id bigint not null, is_on boolean, primary key (id))
Hibernate: create table public.temperature (id bigint not null, room_name varchar(255), temp_value float(24), primary key (id))
Hibernate: create sequence public.light_seq start with 1 increment by 50
Hibernate: create sequence public.temperature_seq start with 1 increment by 50
2023-12-08T17:33:52.453+03:00  INFO 14848 --- [    Test worker] j.LocalContainerEntityManagerFactoryBean : Initialized JPA EntityManagerFactory for persistence unit 'default'
2023-12-08T17:33:53.034+03:00  INFO 14848 --- [    Test worker] o.s.d.j.r.query.QueryEnhancerFactory     : Hibernate is in classpath; If applicable, HQL parser will be used.
2023-12-08T17:33:55.393+03:00  INFO 14848 --- [    Test worker] o.s.b.w.embedded.tomcat.TomcatWebServer  : Tomcat started on port(s): 55067 (http) with context path ''
2023-12-08T17:33:55.921+03:00  INFO 14848 --- [    Test worker] o.s.b.rsocket.netty.NettyRSocketServer   : Netty RSocket started on port(s): 5200
2023-12-08T17:33:55.939+03:00  INFO 14848 --- [    Test worker] c.r.MainSocketControllerTest             : Started MainSocketControllerTest in 15.951 seconds (process running for 20.26)
Hibernate: select next value for public.light_seq
Hibernate: insert into public.light (is_on,id) values (?,?)
Hibernate: select next value for public.temperature_seq
Hibernate: insert into public.temperature (room_name,temp_value,id) values (?,?,?)
Hibernate: select next value for public.temperature_seq
Hibernate: insert into public.temperature (room_name,temp_value,id) values (?,?,?)
Hibernate: insert into public.temperature (room_name,temp_value,id) values (?,?,?)
Hibernate: select t1_0.id,t1_0.room_name,t1_0.temp_value from public.temperature t1_0 where t1_0.id=?
Hibernate: select t1_0.id,t1_0.room_name,t1_0.temp_value from public.temperature t1_0 where t1_0.id=?
Hibernate: select t1_0.id,t1_0.room_name,t1_0.temp_value from public.temperature t1_0
Hibernate: select l1_0.id,l1_0.is_on from public.light l1_0 where l1_0.id=?
]]></system-out>
  <system-err><![CDATA[]]></system-err>
</testsuite>
